<?xml version="1.0" encoding="UTF-8"?>
<!-- Generated by org.testng.reporters.JUnitReportReporter -->
<testsuite skipped="0" hostname="DESKTOP-COCMUST" name="TestCases.TC_001_CheckItenerary" tests="1" failures="0" timestamp="27 Jun 2017 07:40:06 GMT" time="25.012" errors="0">
  <testcase name="TestIteration_001" time="25.012" classname="TestCases.TC_001_CheckItenerary"/>
</testsuite> <!-- TestCases.TC_001_CheckItenerary -->
